{
  "0 debug pnpm:scope": {
    "selected": 1,
    "workspacePrefix": "/Users/liupengyu/my/hooks"
  },
  "1 error pnpm": {
    "code": "ELIFECYCLE",
    "errno": "ENOENT",
    "syscall": "spawn",
    "file": "sh",
    "pkgid": "ahooks@",
    "stage": "test",
    "script": "jest",
    "pkgname": "ahooks",
    "err": {
      "name": "pnpm",
      "message": "ahooks@ test: `jest`\nspawn ENOENT",
      "code": "ELIFECYCLE",
      "stack": "pnpm: ahooks@ test: `jest`\nspawn ENOENT\n    at ChildProcess.<anonymous> (/opt/homebrew/lib/node_modules/pnpm/dist/pnpm.cjs:93535:22)\n    at ChildProcess.emit (node:events:390:28)\n    at maybeClose (node:internal/child_process:1064:16)\n    at Process.ChildProcess._handle.onexit (node:internal/child_process:301:5)"
    }
  },
  "2 warn pnpm:global": " Local package.json exists, but node_modules missing, did you mean to install?"
}